<?xml version="1.0" encoding="UTF-8"?>
<!-- Generated by org.testng.reporters.JUnitReportReporter -->
<testsuite skipped="0" hostname="Dmytros-MacBook-Pro.local" name="api.test.UserTests2" tests="4" failures="0" timestamp="2022-11-29T12:43:27 EET" time="33.924" errors="0">
  <testcase name="testPostUser" time="14.135" classname="api.test.UserTests2"/>
  <system-out/>
  <testcase name="testUpdateUserByName" time="7.477" classname="api.test.UserTests2"/>
  <system-out/>
  <testcase name="testGetUserByName" time="6.279" classname="api.test.UserTests2"/>
  <system-out/>
  <testcase name="testDeleteUserByName" time="6.033" classname="api.test.UserTests2"/>
  <system-out/>
</testsuite> <!-- api.test.UserTests2 -->
